2024-12-04 04:26:02,440 [ERROR] 连接服务器失败: HTTPConnectionPool(host='192.168.1.30', port=5000): Max retries exceeded with url: /socket.io/?transport=polling&EIO=4&t=1733257557.4318957 (Caused by ConnectTimeoutError(<urllib3.connection.HTTPConnection object at 0xffff83260b90>, 'Connection to 192.168.1.30 timed out. (connect timeout=5)'))
2024-12-04 04:28:41,967 [INFO] 程序被用户中断
2024-12-04 04:34:27,996 [INFO] 已連接到 PC 服務器
2024-12-04 04:36:09,069 [INFO] 執行動作: 0
2024-12-04 04:36:11,072 [INFO] 動作 0 執行完成
2024-12-04 04:36:12,197 [INFO] 執行動作: 0
2024-12-04 04:36:14,198 [INFO] 動作 0 執行完成
2024-12-04 04:36:35,955 [INFO] 執行動作: 9
2024-12-04 04:36:36,262 [INFO] 執行動作: 12
2024-12-04 04:36:36,441 [INFO] 執行動作: 19
2024-12-04 04:36:36,675 [INFO] 執行動作: 17
2024-12-04 04:36:37,958 [INFO] 動作 9 執行完成
2024-12-04 04:36:38,264 [INFO] 動作 12 執行完成
2024-12-04 04:36:38,442 [INFO] 動作 19 執行完成
2024-12-04 04:36:38,676 [INFO] 動作 17 執行完成
2024-12-04 04:36:52,110 [INFO] 執行動作: 17
2024-12-04 04:36:52,502 [INFO] 執行動作: 11
2024-12-04 04:36:54,112 [INFO] 動作 17 執行完成
2024-12-04 04:36:54,503 [INFO] 動作 11 執行完成
2024-12-04 04:43:50,549 [INFO] 與 PC 服務器斷開連接
2024-12-04 04:43:58,915 [INFO] 已連接到 PC 服務器
2024-12-04 05:13:24,534 [ERROR] packet queue is empty, aborting
2024-12-04 05:56:52,586 [INFO] 已連接到 PC 服務器
2024-12-04 05:57:15,538 [INFO] 執行動作: 0 (stand)
2024-12-04 05:57:16,540 [INFO] 動作 stand 執行完成
2024-12-04 05:57:19,495 [INFO] 執行動作: 1 (go_forward)
2024-12-04 05:57:20,501 [INFO] 動作 go_forward 執行完成
2024-12-04 06:08:03,268 [INFO] 與 PC 服務器斷開連接
2024-12-04 06:08:03,283 [INFO] 程序被用戶中斷
2024-12-04 06:08:37,815 [INFO] 已連接到 PC 服務器
2024-12-04 06:09:36,336 [INFO] 與 PC 服務器斷開連接
2024-12-04 06:09:56,751 [INFO] 已連接到 PC 服務器
2024-12-04 06:09:58,544 [INFO] 與 PC 服務器斷開連接
2024-12-04 06:09:58,550 [INFO] 程序被用戶中斷
2024-12-04 06:10:10,515 [INFO] 已連接到 PC 服務器
2024-12-04 06:14:36,704 [INFO] 與 PC 服務器斷開連接
2024-12-04 06:27:02,665 [INFO] 程序被用戶中斷
2024-12-04 06:27:28,434 [INFO] 已連接到 PC 服務器
2024-12-04 06:33:15,568 [INFO] 執行動作: 35 (weightlifting)
2024-12-04 06:33:16,578 [INFO] 動作 weightlifting 執行完成
2024-12-04 06:33:53,926 [INFO] 與 PC 服務器斷開連接
2024-12-04 06:33:58,946 [ERROR] 連接服務器失敗: HTTPConnectionPool(host='192.168.1.2', port=5000): Read timed out. (read timeout=5)
2024-12-04 06:34:02,492 [INFO] 已連接到 PC 服務器
2024-12-04 06:34:09,023 [INFO] 執行動作: heart (show_heart)
2024-12-04 06:34:10,025 [INFO] 動作 show_heart 執行完成
2024-12-04 06:34:12,711 [INFO] 執行動作: dance (show_dance)
2024-12-04 06:34:13,716 [INFO] 動作 show_dance 執行完成
2024-12-04 06:34:15,421 [INFO] 執行動作: hello (show_hello)
2024-12-04 06:34:16,423 [INFO] 動作 show_hello 執行完成
2024-12-04 06:36:13,051 [INFO] 與 PC 服務器斷開連接
2024-12-04 06:36:13,056 [ERROR] 連接服務器失敗: Client is not in a disconnected state
2024-12-04 06:36:13,058 [INFO] 程序被用戶中斷
2025-01-30 22:01:23,249 [INFO] 已連接到 PC 服務器
2025-01-30 22:01:23,254 [INFO] 已發送心跳包
2025-01-30 22:01:33,265 [INFO] 已發送心跳包
2025-01-30 22:01:43,272 [INFO] 已發送心跳包
2025-01-30 22:01:53,278 [INFO] 已發送心跳包
2025-01-30 22:02:03,285 [INFO] 已發送心跳包
2025-01-30 22:02:13,288 [INFO] 已發送心跳包
2025-01-30 22:02:16,852 [INFO] 與 PC 服務器斷開連接
2025-01-30 22:02:16,858 [ERROR] 連接服務器失敗: Already connected
2025-01-30 23:52:15,202 [INFO] 已連接到 PC 服務器
2025-01-30 23:52:15,210 [INFO] 已發送心跳包
2025-01-30 23:52:25,221 [INFO] 已發送心跳包
2025-01-30 23:52:35,231 [INFO] 已發送心跳包
2025-01-30 23:52:45,240 [INFO] 已發送心跳包
2025-01-30 23:52:55,245 [INFO] 已發送心跳包
2025-01-30 23:53:05,249 [INFO] 已發送心跳包
2025-01-30 23:53:15,252 [INFO] 已發送心跳包
2025-01-30 23:53:25,265 [INFO] 已發送心跳包
2025-01-30 23:53:31,756 [INFO] 與 PC 服務器斷開連接
2025-01-30 23:53:31,759 [ERROR] 連接服務器失敗: Client is not in a disconnected state
2025-01-30 23:53:37,867 [INFO] 已連接到 PC 服務器
2025-01-30 23:53:37,876 [INFO] 已發送心跳包
2025-01-30 23:53:47,893 [INFO] 已發送心跳包
2025-01-30 23:53:57,904 [INFO] 已發送心跳包
2025-01-30 23:54:07,914 [INFO] 已發送心跳包
2025-01-30 23:54:17,938 [INFO] 已發送心跳包
2025-01-30 23:54:27,942 [INFO] 已發送心跳包
2025-01-30 23:54:37,948 [INFO] 已發送心跳包
2025-01-30 23:54:47,953 [INFO] 已發送心跳包
2025-01-30 23:54:57,958 [INFO] 已發送心跳包
2025-01-30 23:55:07,963 [INFO] 已發送心跳包
2025-01-30 23:55:17,970 [INFO] 已發送心跳包
2025-01-30 23:55:27,975 [INFO] 已發送心跳包
2025-01-30 23:55:37,977 [INFO] 已發送心跳包
2025-01-30 23:55:47,980 [INFO] 已發送心跳包
2025-01-30 23:55:57,985 [INFO] 已發送心跳包
2025-01-30 23:56:00,289 [INFO] 與 PC 服務器斷開連接
2025-01-30 23:56:00,292 [ERROR] 連接服務器失敗: Already connected
